        -:    0:Source:D:/GitHub/SimpleParser/Content/Statement.cpp
        -:    0:Graph:D:\GitHub\SimpleParser\cmake-build-debug-coverage\CMakeFiles\SimpleParser.dir\Content\Statement.cpp.gcno
        -:    0:Data:D:\GitHub\SimpleParser\cmake-build-debug-coverage\CMakeFiles\SimpleParser.dir\Content\Statement.cpp.gcda
        -:    0:Runs:1
        -:    1:#include "Statement.h"
        -:    2:
        -:    3:namespace SimpleParser{
function _ZN12SimpleParser9Statement10DebugPrintEv called 0 returned 0% blocks executed 0%
    #####:    4:    void Statement::DebugPrint() {
    #####:    5:        std::cout <<  sStatementKindStrings[int(kind)] << " ";
    %%%%%:    5-block  0
call    0 never executed
call    1 never executed
    #####:    6:        std::cout << StatementType.mName << " " << StatementName << " (\n";
call    0 never executed
call    1 never executed
call    2 never executed
call    3 never executed
    #####:    7:        for (Statement statement : StatementParameters) {
call    0 never executed
call    1 never executed
    %%%%%:    7-block  0
call    2 never executed
call    3 never executed
branch  4 never executed
branch  5 never executed
call    6 never executed
    %%%%%:    7-block  1
call    7 never executed
branch  8 never executed
branch  9 never executed
    #####:    8:            statement.DebugPrint();
    %%%%%:    8-block  0
call    0 never executed
branch  1 never executed
branch  2 never executed
    #####:    9:        }
    %%%%%:    9-block  0
call    0 never executed
    $$$$$:    9-block  1
call    1 never executed
    #####:   10:        std::cout << ")" << std::endl;
    %%%%%:   10-block  0
call    0 never executed
call    1 never executed
    #####:   11:    }
        -:   12:}
